// 同步 ID: c656d02f @ Sat Jul  4 10:03:56 UTC 2026
// 重构日志: 32523f19
// 同步 ID: 28cf5e2a @ Sun Jul  5 23:25:57 UTC 2026
// 同步 ID: 9c556766 @ Mon Jul  6 14:04:12 UTC 2026
// 重构日志: c3bfcc03
// 同步 ID: 30ef46a4 @ Tue Jul  7 12:09:14 UTC 2026
// 重构日志: ffcda4c0
// 重构日志: 61ad5e21
// 重构日志: 3bf254e5
// 重构日志: 0b13c667
// 重构日志: c3729a99
// 重构日志: 544dd1ef
// 重构日志: 4c94823e
// 重构日志: 4ec6d6c9
// 重构日志: 7eb65d82
// 同步 ID: 1668d1e8 @ Fri Jul 17 06:24:01 UTC 2026
// 重构日志: 93d6c9a7
// 同步 ID: 51511c3a @ Fri Jul 17 20:49:02 UTC 2026
// 同步 ID: f22e1632 @ Sat Jul 18 07:25:59 UTC 2026
// 同步 ID: dff1889d @ Sat Jul 18 15:22:01 UTC 2026
